2023-06-23 12:34:03,041 - ### APPLICATION STARTED ###
2023-06-23 12:34:03,042 - Using selector: EpollSelector
2023-06-23 12:34:03,081 - discord app main loop...
2023-06-23 12:34:15,722 - discord app main loop...
2023-06-23 12:34:15,725 - No data found in Redis. Retrying in 10 seconds...
2023-06-23 12:34:25,741 - No data found in Redis. Retrying in 10 seconds...
2023-06-23 12:34:35,781 - No data found in Redis. Retrying in 10 seconds...
2023-06-23 12:34:45,804 - Unable to fetch data from Redis after 3 attempts. Skipping this cycle.
2023-06-23 12:34:55,890 - discord app main loop...
2023-06-23 12:34:55,893 - No data found in Redis. Retrying in 10 seconds...
2023-06-23 12:35:15,987 - discord app main loop...
2023-06-23 12:35:15,989 - No data found in Redis. Retrying in 10 seconds...
2023-06-23 12:35:26,002 - No data found in Redis. Retrying in 10 seconds...
2023-06-23 12:35:36,022 - No data found in Redis. Retrying in 10 seconds...
2023-06-23 12:35:46,043 - Unable to fetch data from Redis after 3 attempts. Skipping this cycle.
2023-06-23 12:35:56,142 - discord app main loop...
2023-06-23 12:35:56,146 - No data found in Redis. Retrying in 10 seconds...
2023-06-23 12:36:06,165 - No data found in Redis. Retrying in 10 seconds...
2023-06-23 12:36:16,186 - No data found in Redis. Retrying in 10 seconds...
2023-06-23 12:36:26,218 - Unable to fetch data from Redis after 3 attempts. Skipping this cycle.
2023-06-23 12:36:36,307 - discord app main loop...
2023-06-23 12:36:36,310 - No data found in Redis. Retrying in 10 seconds...
2023-06-23 12:36:46,323 - No data found in Redis. Retrying in 10 seconds...
2023-06-23 12:36:56,360 - No data found in Redis. Retrying in 10 seconds...
2023-06-23 12:37:06,382 - Unable to fetch data from Redis after 3 attempts. Skipping this cycle.
2023-06-23 12:37:16,491 - discord app main loop...
2023-06-23 12:37:16,493 - No data found in Redis. Retrying in 10 seconds...
2023-06-23 12:37:26,505 - No data found in Redis. Retrying in 10 seconds...
2023-06-23 12:37:36,524 - No data found in Redis. Retrying in 10 seconds...
2023-06-23 12:37:46,546 - Unable to fetch data from Redis after 3 attempts. Skipping this cycle.
2023-06-23 12:37:56,635 - discord app main loop...
2023-06-23 12:37:56,639 - No data found in Redis. Retrying in 10 seconds...
2023-06-23 12:38:06,652 - No data found in Redis. Retrying in 10 seconds...
2023-06-23 16:19:31,106 - ### APPLICATION STARTED ###
2023-06-23 16:19:31,107 - Using selector: EpollSelector
2023-06-23 16:19:31,144 - discord app main loop...
2023-06-24 22:20:04,673 - ### APPLICATION STARTED ###
2023-06-24 22:20:04,674 - Using selector: EpollSelector
2023-06-24 22:20:04,710 - discord app main loop...
2023-06-24 22:20:04,711 - No data found in Redis. Retrying in 10 seconds...
2023-06-24 22:20:14,726 - No data found in Redis. Retrying in 10 seconds...
2023-06-24 22:20:24,741 - No data found in Redis. Retrying in 10 seconds...
2023-06-24 22:20:34,757 - Unable to fetch data from Redis after 3 attempts. Skipping this cycle.
2023-06-24 22:20:44,844 - discord app main loop...
2023-06-24 22:20:44,846 - No data found in Redis. Retrying in 10 seconds...
2023-06-24 22:34:53,073 - ### APPLICATION STARTED ###
2023-06-24 22:34:53,074 - Using selector: EpollSelector
2023-06-24 22:34:53,113 - discord app main loop...
2023-06-24 22:34:53,115 - No data found in Redis. Retrying in 10 seconds...
2023-06-24 22:35:03,129 - No data found in Redis. Retrying in 10 seconds...
2023-06-24 22:35:13,146 - No data found in Redis. Retrying in 10 seconds...
2023-06-24 22:35:23,160 - Unable to fetch data from Redis after 3 attempts. Skipping this cycle.
2023-06-24 22:35:33,233 - discord app main loop...
2023-06-24 22:35:33,235 - No data found in Redis. Retrying in 10 seconds...
2023-06-24 22:35:43,247 - No data found in Redis. Retrying in 10 seconds...
2023-06-24 22:35:53,263 - No data found in Redis. Retrying in 10 seconds...
2023-06-24 22:36:03,270 - Unable to fetch data from Redis after 3 attempts. Skipping this cycle.
2023-06-24 22:36:13,358 - discord app main loop...
2023-06-24 22:36:13,360 - No data found in Redis. Retrying in 10 seconds...
2023-06-24 22:37:22,647 - ### APPLICATION STARTED ###
2023-06-24 22:37:22,648 - Using selector: EpollSelector
2023-06-24 22:37:22,684 - discord app main loop...
2023-06-24 22:37:33,260 - discord app main loop...
2023-06-24 22:37:33,261 - No data found in Redis. Retrying in 10 seconds...
2023-06-24 22:38:00,483 - ### APPLICATION STARTED ###
2023-06-24 22:38:00,483 - Using selector: EpollSelector
2023-06-24 22:38:00,518 - discord app main loop...
2023-06-24 22:38:00,520 - No data found in Redis. Retrying in 10 seconds...
2023-06-24 22:38:10,534 - No data found in Redis. Retrying in 10 seconds...
2023-06-24 22:38:20,549 - No data found in Redis. Retrying in 10 seconds...
2023-06-24 22:38:30,562 - Unable to fetch data from Redis after 3 attempts. Skipping this cycle.
2023-06-24 22:38:40,660 - discord app main loop...
2023-06-24 22:38:40,661 - No data found in Redis. Retrying in 10 seconds...
2023-06-24 22:38:50,670 - No data found in Redis. Retrying in 10 seconds...
2023-06-24 22:39:00,691 - No data found in Redis. Retrying in 10 seconds...
2023-06-24 22:39:10,707 - Unable to fetch data from Redis after 3 attempts. Skipping this cycle.
2023-06-24 22:40:22,680 - ### APPLICATION STARTED ###
2023-06-24 22:40:22,681 - Using selector: EpollSelector
2023-06-24 22:40:22,718 - discord app main loop...
2023-06-24 22:40:32,806 - discord app main loop...
2023-06-24 22:40:32,807 - No data found in Redis. Retrying in 10 seconds...
2023-06-24 22:40:42,821 - No data found in Redis. Retrying in 10 seconds...
2023-06-24 22:40:52,834 - No data found in Redis. Retrying in 10 seconds...
2023-06-24 22:41:02,852 - Unable to fetch data from Redis after 3 attempts. Skipping this cycle.
2023-06-24 22:41:12,945 - discord app main loop...
2023-06-24 22:42:44,697 - ### APPLICATION STARTED ###
2023-06-24 22:42:44,698 - Using selector: EpollSelector
2023-06-24 22:42:44,734 - discord app main loop...
2023-06-24 22:42:44,736 - No data found in Redis. Retrying in 10 seconds...
2023-06-24 22:42:54,750 - No data found in Redis. Retrying in 10 seconds...
2023-06-24 22:43:04,767 - No data found in Redis. Retrying in 10 seconds...
2023-06-24 22:43:14,775 - Unable to fetch data from Redis after 3 attempts. Skipping this cycle.
2023-06-24 22:43:24,854 - discord app main loop...
2023-06-24 22:43:24,856 - No data found in Redis. Retrying in 10 seconds...
