2023-06-23 12:34:03,003 - ### APPLICATION STARTED ###
2023-06-23 12:34:03,004 - Using selector: EpollSelector
2023-06-23 12:34:03,004 - keepa app main loop...
2023-06-23 12:34:03,006 - Ready to fetch data from keepa api...
2023-06-23 12:34:03,454 - KEEPA_API:An error occurred: 'products'
2023-06-23 12:34:03,454 - Ready to fetch data from keepa api...
2023-06-23 12:34:03,803 - KEEPA_API:An error occurred: 'products'
2023-06-23 12:34:03,804 - Ready to fetch data from keepa api...
2023-06-23 12:34:04,102 - KEEPA_API:An error occurred: 'products'
2023-06-23 12:34:04,103 - Ready to fetch data from keepa api...
2023-06-23 12:34:04,374 - KEEPA_API:An error occurred: 'products'
2023-06-23 12:34:04,375 - Ready to fetch data from keepa api...
2023-06-23 12:34:04,653 - KEEPA_API:An error occurred: 'products'
2023-06-23 12:34:04,654 - Ready to fetch data from keepa api...
2023-06-23 12:34:05,964 - KEEPA_API:An error occurred: 'products'
2023-06-23 12:34:05,965 - Ready to fetch data from keepa api...
2023-06-23 12:34:06,263 - KEEPA_API:An error occurred: 'products'
2023-06-23 12:34:06,264 - Ready to fetch data from keepa api...
2023-06-23 12:34:06,543 - KEEPA_API:An error occurred: 'products'
2023-06-23 12:34:06,547 - Ready to fetch data from keepa api...
2023-06-23 12:34:06,863 - KEEPA_API:An error occurred: 'products'
2023-06-23 12:34:09,875 - keepa app main loop...
2023-06-23 12:34:09,904 - Ready to fetch data from keepa api...
2023-06-23 12:34:11,043 - Not enough token - 58
2023-06-23 12:35:09,101 - Ready to fetch data from keepa api...
2023-06-23 12:35:09,444 - KEEPA_API:An error occurred: 'products'
2023-06-23 12:35:09,456 - Ready to fetch data from keepa api...
2023-06-23 12:35:09,813 - KEEPA_API:An error occurred: 'products'
2023-06-23 12:35:09,821 - Ready to fetch data from keepa api...
2023-06-23 12:35:10,164 - KEEPA_API:An error occurred: 'products'
2023-06-23 12:35:13,180 - keepa app main loop...
2023-06-23 12:35:13,189 - Ready to fetch data from keepa api...
2023-06-23 12:35:13,523 - KEEPA_API:An error occurred: 'products'
2023-06-23 12:35:13,543 - Ready to fetch data from keepa api...
2023-06-23 12:35:13,907 - KEEPA_API:An error occurred: 'products'
2023-06-23 12:35:13,915 - Ready to fetch data from keepa api...
2023-06-23 12:35:14,386 - KEEPA_API:An error occurred: 'products'
2023-06-23 12:35:14,403 - Ready to fetch data from keepa api...
2023-06-23 12:35:14,703 - KEEPA_API:An error occurred: 'products'
2023-06-23 12:35:14,704 - Ready to fetch data from keepa api...
2023-06-23 12:35:15,003 - KEEPA_API:An error occurred: 'products'
2023-06-23 12:35:18,016 - keepa app main loop...
2023-06-23 12:35:18,032 - Ready to fetch data from keepa api...
2023-06-23 12:35:18,393 - KEEPA_API:An error occurred: 'products'
2023-06-23 12:35:18,395 - Ready to fetch data from keepa api...
2023-06-23 12:35:18,704 - KEEPA_API:An error occurred: 'products'
2023-06-23 12:35:18,709 - Ready to fetch data from keepa api...
2023-06-23 12:35:19,089 - KEEPA_API:An error occurred: 'products'
2023-06-23 12:35:19,103 - Ready to fetch data from keepa api...
2023-06-23 12:35:19,409 - KEEPA_API:An error occurred: 'products'
2023-06-23 12:35:19,411 - Ready to fetch data from keepa api...
2023-06-23 12:35:19,758 - KEEPA_API:An error occurred: 'products'
2023-06-23 12:35:22,775 - keepa app main loop...
2023-06-23 12:35:22,781 - Ready to fetch data from keepa api...
2023-06-23 12:35:23,129 - KEEPA_API:An error occurred: 'products'
2023-06-23 12:35:23,142 - Ready to fetch data from keepa api...
2023-06-23 12:35:23,480 - KEEPA_API:An error occurred: 'products'
2023-06-23 12:35:23,489 - Ready to fetch data from keepa api...
2023-06-23 12:35:23,800 - KEEPA_API:An error occurred: 'products'
2023-06-23 12:35:23,802 - Ready to fetch data from keepa api...
2023-06-23 12:35:24,131 - KEEPA_API:An error occurred: 'products'
2023-06-23 12:35:24,143 - Ready to fetch data from keepa api...
2023-06-23 12:35:24,463 - KEEPA_API:An error occurred: 'products'
2023-06-23 12:35:27,469 - keepa app main loop...
2023-06-23 12:35:27,472 - Ready to fetch data from keepa api...
2023-06-23 12:35:27,783 - KEEPA_API:An error occurred: 'products'
2023-06-23 12:35:27,784 - Ready to fetch data from keepa api...
2023-06-23 12:35:28,099 - KEEPA_API:An error occurred: 'products'
2023-06-23 12:35:28,100 - Ready to fetch data from keepa api...
2023-06-23 12:35:28,430 - KEEPA_API:An error occurred: 'products'
2023-06-23 12:35:28,431 - Ready to fetch data from keepa api...
2023-06-23 12:35:28,890 - KEEPA_API:An error occurred: 'products'
2023-06-23 12:35:28,891 - Ready to fetch data from keepa api...
2023-06-23 12:35:29,205 - KEEPA_API:An error occurred: 'products'
2023-06-23 12:35:32,219 - keepa app main loop...
2023-06-23 12:35:32,243 - Ready to fetch data from keepa api...
2023-06-23 12:35:32,557 - KEEPA_API:An error occurred: 'products'
2023-06-23 12:35:32,558 - Ready to fetch data from keepa api...
2023-06-23 12:35:32,896 - KEEPA_API:An error occurred: 'products'
2023-06-23 12:35:32,898 - Ready to fetch data from keepa api...
2023-06-23 12:35:33,782 - KEEPA_API:An error occurred: 'products'
2023-06-23 12:35:33,800 - Ready to fetch data from keepa api...
2023-06-23 12:35:34,152 - KEEPA_API:An error occurred: 'products'
2023-06-23 12:35:34,153 - Ready to fetch data from keepa api...
2023-06-23 12:35:34,443 - KEEPA_API:An error occurred: 'products'
2023-06-23 12:35:37,461 - keepa app main loop...
2023-06-23 12:35:37,463 - Ready to fetch data from keepa api...
2023-06-23 12:35:37,888 - KEEPA_API:An error occurred: 'products'
2023-06-23 12:35:37,889 - Ready to fetch data from keepa api...
2023-06-23 12:35:38,219 - KEEPA_API:An error occurred: 'products'
2023-06-23 12:35:38,220 - Ready to fetch data from keepa api...
2023-06-23 12:35:38,541 - KEEPA_API:An error occurred: 'products'
2023-06-23 12:35:38,542 - Ready to fetch data from keepa api...
2023-06-23 12:35:38,863 - KEEPA_API:An error occurred: 'products'
2023-06-23 12:35:38,864 - Ready to fetch data from keepa api...
2023-06-23 12:35:39,198 - KEEPA_API:An error occurred: 'products'
2023-06-23 12:35:42,215 - keepa app main loop...
2023-06-23 12:35:42,221 - Ready to fetch data from keepa api...
2023-06-23 12:35:42,570 - KEEPA_API:An error occurred: 'products'
2023-06-23 12:35:42,571 - Ready to fetch data from keepa api...
2023-06-23 12:35:42,861 - KEEPA_API:An error occurred: 'products'
2023-06-23 12:35:42,863 - Ready to fetch data from keepa api...
2023-06-23 12:35:43,458 - KEEPA_API:An error occurred: 'products'
2023-06-23 12:35:43,465 - Ready to fetch data from keepa api...
2023-06-23 12:35:43,794 - KEEPA_API:An error occurred: 'products'
2023-06-23 12:35:43,798 - Ready to fetch data from keepa api...
2023-06-23 12:35:44,144 - KEEPA_API:An error occurred: 'products'
2023-06-23 12:35:47,163 - keepa app main loop...
2023-06-23 12:35:47,183 - Ready to fetch data from keepa api...
2023-06-23 12:35:47,518 - KEEPA_API:An error occurred: 'products'
2023-06-23 12:35:47,519 - Ready to fetch data from keepa api...
2023-06-23 12:35:47,829 - KEEPA_API:An error occurred: 'products'
2023-06-23 12:35:47,831 - Ready to fetch data from keepa api...
2023-06-23 12:35:48,136 - KEEPA_API:An error occurred: 'products'
2023-06-23 12:35:48,158 - Ready to fetch data from keepa api...
2023-06-23 12:35:48,476 - KEEPA_API:An error occurred: 'products'
2023-06-23 12:35:48,479 - Ready to fetch data from keepa api...
2023-06-23 12:35:48,820 - KEEPA_API:An error occurred: 'products'
2023-06-23 12:35:51,829 - keepa app main loop...
2023-06-23 12:35:51,843 - Ready to fetch data from keepa api...
2023-06-23 12:35:52,198 - KEEPA_API:An error occurred: 'products'
2023-06-23 12:35:52,201 - Ready to fetch data from keepa api...
2023-06-23 12:35:52,502 - KEEPA_API:An error occurred: 'products'
2023-06-23 12:35:52,503 - Ready to fetch data from keepa api...
2023-06-23 12:35:52,832 - KEEPA_API:An error occurred: 'products'
2023-06-23 12:35:52,840 - Ready to fetch data from keepa api...
2023-06-23 12:35:53,164 - KEEPA_API:An error occurred: 'products'
2023-06-23 12:35:53,172 - Ready to fetch data from keepa api...
2023-06-23 12:35:53,541 - KEEPA_API:An error occurred: 'products'
2023-06-23 12:35:56,557 - keepa app main loop...
2023-06-23 12:35:56,563 - Ready to fetch data from keepa api...
2023-06-23 12:35:56,894 - KEEPA_API:An error occurred: 'products'
2023-06-23 12:35:56,895 - Ready to fetch data from keepa api...
2023-06-23 12:35:57,221 - KEEPA_API:An error occurred: 'products'
2023-06-23 12:35:57,223 - Ready to fetch data from keepa api...
2023-06-23 12:35:57,572 - KEEPA_API:An error occurred: 'products'
2023-06-23 12:35:57,573 - Ready to fetch data from keepa api...
2023-06-23 12:35:57,883 - KEEPA_API:An error occurred: 'products'
2023-06-23 12:35:57,886 - Ready to fetch data from keepa api...
2023-06-23 12:35:58,228 - KEEPA_API:An error occurred: 'products'
2023-06-23 12:36:01,238 - keepa app main loop...
2023-06-23 12:36:01,252 - Ready to fetch data from keepa api...
2023-06-23 12:36:01,572 - KEEPA_API:An error occurred: 'products'
2023-06-23 12:36:01,574 - Ready to fetch data from keepa api...
2023-06-23 12:36:01,903 - KEEPA_API:An error occurred: 'products'
2023-06-23 12:36:01,905 - Ready to fetch data from keepa api...
2023-06-23 12:36:02,225 - KEEPA_API:An error occurred: 'products'
2023-06-23 12:36:02,229 - Ready to fetch data from keepa api...
2023-06-23 12:36:02,580 - KEEPA_API:An error occurred: 'products'
2023-06-23 12:36:02,582 - Ready to fetch data from keepa api...
2023-06-23 12:36:02,882 - KEEPA_API:An error occurred: 'products'
2023-06-23 12:36:05,888 - keepa app main loop...
2023-06-23 12:36:05,896 - Ready to fetch data from keepa api...
2023-06-23 12:36:06,343 - KEEPA_API:An error occurred: 'products'
2023-06-23 12:36:06,361 - Ready to fetch data from keepa api...
2023-06-23 12:36:06,692 - KEEPA_API:An error occurred: 'products'
2023-06-23 12:36:06,693 - Ready to fetch data from keepa api...
2023-06-23 12:36:07,002 - KEEPA_API:An error occurred: 'products'
2023-06-23 12:36:07,003 - Ready to fetch data from keepa api...
2023-06-23 12:36:07,316 - KEEPA_API:An error occurred: 'products'
2023-06-23 12:36:07,321 - Ready to fetch data from keepa api...
2023-06-23 12:36:07,652 - KEEPA_API:An error occurred: 'products'
2023-06-23 12:36:10,660 - keepa app main loop...
2023-06-23 12:36:10,683 - Ready to fetch data from keepa api...
2023-06-23 12:36:11,800 - Not enough token - 58
2023-06-23 12:37:09,804 - Ready to fetch data from keepa api...
2023-06-23 12:37:10,953 - Not enough token - 0
2023-06-23 12:37:10,955 - Ready to fetch data from keepa api...
2023-06-23 12:37:13,037 - Not enough token - 56
2023-06-23 16:19:31,084 - ### APPLICATION STARTED ###
2023-06-23 16:19:31,085 - Using selector: EpollSelector
2023-06-23 16:19:31,085 - keepa app main loop...
2023-06-23 16:19:31,087 - Ready to fetch data from keepa api...
2023-06-23 16:19:33,138 - Ready to fetch data from keepa api...
2023-06-23 16:19:35,325 - Ready to fetch data from keepa api...
