2023-06-23 12:34:04,831 - ### APPLICATION STARTED ###
2023-06-23 12:34:04,832 - ecommerce app main loop...
2023-06-23 12:34:06,287 - load_ssl_context verify=True cert=None trust_env=True http2=False
2023-06-23 12:34:06,290 - load_verify_locations cafile='/usr/local/lib/python3.9/site-packages/certifi/cacert.pem'
2023-06-23 12:34:06,306 - load_ssl_context verify=True cert=None trust_env=True http2=False
2023-06-23 12:34:06,308 - load_verify_locations cafile='/usr/local/lib/python3.9/site-packages/certifi/cacert.pem'
2023-06-23 12:34:06,325 - load_ssl_context verify=True cert=None trust_env=True http2=False
2023-06-23 12:34:06,327 - load_verify_locations cafile='/usr/local/lib/python3.9/site-packages/certifi/cacert.pem'
2023-06-23 12:34:06,343 - 

2023-06-23 12:34:06,344 - search_param:
2023-06-23 12:34:06,345 - 

2023-06-23 12:34:06,345 - 

2023-06-23 12:34:06,346 - search_param:
2023-06-23 12:34:06,346 - 

2023-06-23 12:34:06,347 - 

2023-06-23 12:34:06,347 - search_param:
2023-06-23 12:34:06,348 - 

2023-06-23 12:34:06,349 - ERROR: Product or asin can not found in response B0030HBU6I
2023-06-23 12:34:06,349 - ERROR: Product or asin can not found in response B077GT29HM
2023-06-23 12:34:06,349 - ERROR: Product or asin can not found in response B00BUB7TM0
2023-06-23 12:34:06,350 - 

2023-06-23 12:34:06,350 - search_param:
2023-06-23 12:34:06,351 - 

2023-06-23 12:34:06,351 - 

2023-06-23 12:34:06,351 - search_param:
2023-06-23 12:34:06,352 - 

2023-06-23 12:34:06,352 - 

2023-06-23 12:34:06,353 - search_param:
2023-06-23 12:34:06,353 - 

2023-06-23 12:34:06,354 - ERROR: Product or asin can not found in response B00006IBNJ
2023-06-23 12:34:06,354 - ERROR: Product or asin can not found in response B001CJVTLC
2023-06-23 12:34:06,354 - ERROR: Product or asin can not found in response B001PBW4FW
2023-06-23 12:34:06,355 - 

2023-06-23 12:34:06,355 - search_param:
2023-06-23 12:34:06,356 - 

2023-06-23 12:34:06,357 - 

2023-06-23 12:34:06,357 - search_param:
2023-06-23 12:34:06,358 - 

2023-06-23 12:34:06,358 - 

2023-06-23 12:34:06,358 - search_param:
2023-06-23 12:34:06,359 - 

2023-06-23 12:34:06,359 - ERROR: Product or asin can not found in response B00PBX3L7K
2023-06-23 12:34:06,359 - ERROR: Product or asin can not found in response B07N7PK9QK
2023-06-23 12:34:06,360 - ERROR: Product or asin can not found in response B07X8Y24HR
2023-06-23 12:34:06,360 - 

2023-06-23 12:34:06,361 - search_param:
2023-06-23 12:34:06,362 - 

2023-06-23 12:34:06,362 - ERROR: Product or asin can not found in response B01D58BGTM
2023-06-23 12:35:06,422 - ecommerce app main loop...
2023-06-23 12:35:07,147 - load_ssl_context verify=True cert=None trust_env=True http2=False
2023-06-23 12:35:07,149 - load_verify_locations cafile='/usr/local/lib/python3.9/site-packages/certifi/cacert.pem'
2023-06-23 12:35:07,165 - load_ssl_context verify=True cert=None trust_env=True http2=False
2023-06-23 12:35:07,165 - load_verify_locations cafile='/usr/local/lib/python3.9/site-packages/certifi/cacert.pem'
2023-06-23 12:35:07,181 - load_ssl_context verify=True cert=None trust_env=True http2=False
2023-06-23 12:35:07,182 - load_verify_locations cafile='/usr/local/lib/python3.9/site-packages/certifi/cacert.pem'
2023-06-23 12:35:07,198 - 

2023-06-23 12:35:07,198 - search_param:
2023-06-23 12:35:07,199 - 

2023-06-23 12:35:07,200 - 

2023-06-23 12:35:07,200 - search_param:
2023-06-23 12:35:07,201 - 

2023-06-23 12:35:07,201 - 

2023-06-23 12:35:07,202 - search_param:
2023-06-23 12:35:07,203 - 

2023-06-23 12:35:07,203 - ERROR: Product or asin can not found in response B00BUB7TM0
2023-06-23 12:35:07,204 - ERROR: Product or asin can not found in response B077GT29HM
2023-06-23 12:35:07,204 - ERROR: Product or asin can not found in response B001CJVTLC
2023-06-23 12:35:07,204 - 

2023-06-23 12:35:07,205 - search_param:
2023-06-23 12:35:07,206 - 

2023-06-23 12:35:07,206 - 

2023-06-23 12:35:07,207 - search_param:
2023-06-23 12:35:07,207 - 

2023-06-23 12:35:07,208 - 

2023-06-23 12:35:07,208 - search_param:
2023-06-23 12:35:07,209 - 

2023-06-23 12:35:07,209 - ERROR: Product or asin can not found in response B00006IBNJ
2023-06-23 12:35:07,210 - ERROR: Product or asin can not found in response B0030HBU6I
2023-06-23 12:35:07,211 - ERROR: Product or asin can not found in response B001PBW4FW
2023-06-23 12:35:07,211 - 

2023-06-23 12:35:07,211 - search_param:
